<?xml version="1.0" encoding="UTF-8"?>
<!-- Generated by org.testng.reporters.JUnitXMLReporter -->
<testsuite hostname="LP-5CD2081L0B" ignored="17" name="Default test" tests="1" failures="1" timestamp="22 Sep 2023 05:44:44 GMT" time="13.975" errors="0">
  <testcase name="dashboard" time="0.024" classname="com.webdriver.testeg.FirstTestLeafgroundAppln">
    <failure type="java.lang.AssertionError" message="expected [Dashboard] but found [Dashboard1]">
      <![CDATA[java.lang.AssertionError: expected [Dashboard] but found [Dashboard1]
	at org.testng.Assert.fail(Assert.java:93)
	at org.testng.Assert.failNotEquals(Assert.java:512)
	at org.testng.Assert.assertEqualsImpl(Assert.java:134)
	at org.testng.Assert.assertEquals(Assert.java:115)
	at org.testng.Assert.assertEquals(Assert.java:189)
	at org.testng.Assert.assertEquals(Assert.java:199)
	at com.webdriver.testeg.FirstTestLeafgroundAppln.dashboard(FirstTestLeafgroundAppln.java:73)
	at sun.reflect.NativeMethodAccessorImpl.invoke0(Native Method)
	at sun.reflect.NativeMethodAccessorImpl.invoke(Unknown Source)
	at sun.reflect.DelegatingMethodAccessorImpl.invoke(Unknown Source)
	at java.lang.reflect.Method.invoke(Unknown Source)
	at org.testng.internal.MethodInvocationHelper.invokeMethod(MethodInvocationHelper.java:108)
	at org.testng.internal.Invoker.invokeMethod(Invoker.java:661)
	at org.testng.internal.Invoker.invokeTestMethod(Invoker.java:869)
	at org.testng.internal.Invoker.invokeTestMethods(Invoker.java:1193)
	at org.testng.internal.TestMethodWorker.invokeTestMethods(TestMethodWorker.java:126)
	at org.testng.internal.TestMethodWorker.run(TestMethodWorker.java:109)
	at org.testng.TestRunner.privateRun(TestRunner.java:744)
	at org.testng.TestRunner.run(TestRunner.java:602)
	at org.testng.SuiteRunner.runTest(SuiteRunner.java:380)
	at org.testng.SuiteRunner.runSequentially(SuiteRunner.java:375)
	at org.testng.SuiteRunner.privateRun(SuiteRunner.java:340)
	at org.testng.SuiteRunner.run(SuiteRunner.java:289)
	at org.testng.SuiteRunnerWorker.runSuite(SuiteRunnerWorker.java:52)
	at org.testng.SuiteRunnerWorker.run(SuiteRunnerWorker.java:86)
	at org.testng.TestNG.runSuitesSequentially(TestNG.java:1301)
	at org.testng.TestNG.runSuitesLocally(TestNG.java:1226)
	at org.testng.TestNG.runSuites(TestNG.java:1144)
	at org.testng.TestNG.run(TestNG.java:1115)
	at org.testng.remote.AbstractRemoteTestNG.run(AbstractRemoteTestNG.java:114)
	at org.testng.remote.RemoteTestNG.initAndRun(RemoteTestNG.java:251)
	at org.testng.remote.RemoteTestNG.main(RemoteTestNG.java:77)
]]>
    </failure>
  </testcase> <!-- dashboard -->
  <testcase name="drag1" time="0.0" classname="com.webdriver.testeg.FirstTestLeafgroundAppln">
    <ignored/>
  </testcase> <!-- drag1 -->
  <testcase name="datepicker" time="0.0" classname="com.webdriver.testeg.FirstTestLeafgroundAppln">
    <ignored/>
  </testcase> <!-- datepicker -->
  <testcase name="screenshot" time="0.0" classname="com.webdriver.testeg.FirstTestLeafgroundAppln">
    <ignored/>
  </testcase> <!-- screenshot -->
  <testcase name="list" time="0.0" classname="com.webdriver.testeg.FirstTestLeafgroundAppln">
    <ignored/>
  </testcase> <!-- list -->
  <testcase name="dropdown" time="0.0" classname="com.webdriver.testeg.FirstTestLeafgroundAppln">
    <ignored/>
  </testcase> <!-- dropdown -->
  <testcase name="windows" time="0.0" classname="com.webdriver.testeg.FirstTestLeafgroundAppln">
    <ignored/>
  </testcase> <!-- windows -->
  <testcase name="textbox" time="0.0" classname="com.webdriver.testeg.FirstTestLeafgroundAppln">
    <ignored/>
  </testcase> <!-- textbox -->
  <testcase name="radiobtns" time="0.0" classname="com.webdriver.testeg.FirstTestLeafgroundAppln">
    <ignored/>
  </testcase> <!-- radiobtns -->
  <testcase name="fileuploadanddownload" time="0.0" classname="com.webdriver.testeg.FirstTestLeafgroundAppln">
    <ignored/>
  </testcase> <!-- fileuploadanddownload -->
  <testcase name="frames1" time="0.0" classname="com.webdriver.testeg.FirstTestLeafgroundAppln">
    <ignored/>
  </testcase> <!-- frames1 -->
  <testcase name="auth1" time="0.0" classname="com.webdriver.testeg.FirstTestLeafgroundAppln">
    <ignored/>
  </testcase> <!-- auth1 -->
  <testcase name="links" time="0.0" classname="com.webdriver.testeg.FirstTestLeafgroundAppln">
    <ignored/>
  </testcase> <!-- links -->
  <testcase name="btns" time="0.0" classname="com.webdriver.testeg.FirstTestLeafgroundAppln">
    <ignored/>
  </testcase> <!-- btns -->
  <testcase name="table" time="0.0" classname="com.webdriver.testeg.FirstTestLeafgroundAppln">
    <ignored/>
  </testcase> <!-- table -->
  <testcase name="checkboxes" time="0.0" classname="com.webdriver.testeg.FirstTestLeafgroundAppln">
    <ignored/>
  </testcase> <!-- checkboxes -->
  <testcase name="waitstt" time="0.0" classname="com.webdriver.testeg.FirstTestLeafgroundAppln">
    <ignored/>
  </testcase> <!-- waitstt -->
  <testcase name="alerts1" time="0.0" classname="com.webdriver.testeg.FirstTestLeafgroundAppln">
    <ignored/>
  </testcase> <!-- alerts1 -->
</testsuite> <!-- Default test -->
